# JRE version: Java(TM) SE Runtime Environment (17.0.10+11) (build 17.0.10+11-LTS-240)
# Java VM: Java HotSpot(TM) 64-Bit Server VM (17.0.10+11-LTS-240, mixed mode, sharing, tiered, compressed oops, compressed class ptrs, g1 gc, windows-amd64)
GC Precious Log:
 CPUs: 8 total, 8 available
 Memory: 7914M
 Large Page Support: Disabled
 NUMA Support: Disabled
 Compressed Oops: Enabled (32-bit)
 Heap Region Size: 1M
 Heap Min Capacity: 8M
 Heap Initial Capacity: 124M
 Heap Max Capacity: 1980M
 Pre-touch: Disabled
 Parallel Workers: 8
 Concurrent Workers: 2
 Concurrent Refinement Workers: 8
 Periodic GC: Disabled
Heap:
 garbage-first heap   total 150528K, used 92066K [0x0000000084400000, 0x0000000100000000)
  region size 1024K, 31 young (31744K), 1 survivors (1024K)
 Metaspace       used 101737K, committed 102336K, reserved 1179648K
  class space    used 14003K, committed 14272K, reserved 1048576K
GC Heap History (20 events):
Event: 11.282 GC heap before
{Heap before GC invocations=25 (full 0):
 garbage-first heap   total 70656K, used 57435K [0x0000000084400000, 0x0000000100000000)
  region size 1024K, 20 young (20480K), 3 survivors (3072K)
 Metaspace       used 79045K, committed 79680K, reserved 1179648K
  class space    used 10831K, committed 11136K, reserved 1048576K
}
Event: 11.287 GC heap after
{Heap after GC invocations=26 (full 0):
 garbage-first heap   total 70656K, used 41738K [0x0000000084400000, 0x0000000100000000)
  region size 1024K, 2 young (2048K), 2 survivors (2048K)
 Metaspace       used 79045K, committed 79680K, reserved 1179648K
  class space    used 10831K, committed 11136K, reserved 1048576K
}
Event: 11.521 GC heap before
{Heap before GC invocations=27 (full 0):
 garbage-first heap   total 78848K, used 57098K [0x0000000084400000, 0x0000000100000000)
  region size 1024K, 17 young (17408K), 2 survivors (2048K)
 Metaspace       used 80665K, committed 81216K, reserved 1179648K
  class space    used 11181K, committed 11456K, reserved 1048576K
}
Event: 11.524 GC heap after
{Heap after GC invocations=28 (full 0):
 garbage-first heap   total 78848K, used 43028K [0x0000000084400000, 0x0000000100000000)
  region size 1024K, 3 young (3072K), 3 survivors (3072K)
 Metaspace       used 80665K, committed 81216K, reserved 1179648K
  class space    used 11181K, committed 11456K, reserved 1048576K
}
Event: 11.938 GC heap before
{Heap before GC invocations=28 (full 0):
 garbage-first heap   total 78848K, used 62484K [0x0000000084400000, 0x0000000100000000)
  region size 1024K, 23 young (23552K), 3 survivors (3072K)
 Metaspace       used 84365K, committed 84992K, reserved 1179648K
  class space    used 11672K, committed 11968K, reserved 1048576K
}
Event: 11.944 GC heap after
{Heap after GC invocations=29 (full 0):
 garbage-first heap   total 78848K, used 44612K [0x0000000084400000, 0x0000000100000000)
  region size 1024K, 3 young (3072K), 3 survivors (3072K)
 Metaspace       used 84365K, committed 84992K, reserved 1179648K
  class space    used 11672K, committed 11968K, reserved 1048576K
}
Event: 12.528 GC heap before
{Heap before GC invocations=30 (full 0):
 garbage-first heap   total 78848K, used 64068K [0x0000000084400000, 0x0000000100000000)
  region size 1024K, 22 young (22528K), 3 survivors (3072K)
 Metaspace       used 89531K, committed 90176K, reserved 1179648K
  class space    used 12324K, committed 12608K, reserved 1048576K
}
Event: 12.533 GC heap after
{Heap after GC invocations=31 (full 0):
 garbage-first heap   total 78848K, used 47272K [0x0000000084400000, 0x0000000100000000)
  region size 1024K, 3 young (3072K), 3 survivors (3072K)
 Metaspace       used 89531K, committed 90176K, reserved 1179648K
  class space    used 12324K, committed 12608K, reserved 1048576K
}
Event: 12.566 GC heap before
{Heap before GC invocations=31 (full 0):
 garbage-first heap   total 78848K, used 48296K [0x0000000084400000, 0x0000000100000000)
  region size 1024K, 4 young (4096K), 3 survivors (3072K)
 Metaspace       used 89958K, committed 90560K, reserved 1179648K
  class space    used 12394K, committed 12672K, reserved 1048576K
}
Event: 12.570 GC heap after
{Heap after GC invocations=32 (full 0):
 garbage-first heap   total 78848K, used 47287K [0x0000000084400000, 0x0000000100000000)
  region size 1024K, 1 young (1024K), 1 survivors (1024K)
 Metaspace       used 89958K, committed 90560K, reserved 1179648K
  class space    used 12394K, committed 12672K, reserved 1048576K
}
Event: 12.978 GC heap before
{Heap before GC invocations=32 (full 0):
 garbage-first heap   total 78848K, used 62647K [0x0000000084400000, 0x0000000100000000)
  region size 1024K, 17 young (17408K), 1 survivors (1024K)
 Metaspace       used 94155K, committed 94720K, reserved 1179648K
  class space    used 12915K, committed 13184K, reserved 1048576K
}
Event: 12.981 GC heap after
{Heap after GC invocations=33 (full 0):
 garbage-first heap   total 78848K, used 48764K [0x0000000084400000, 0x0000000100000000)
  region size 1024K, 2 young (2048K), 2 survivors (2048K)
 Metaspace       used 94155K, committed 94720K, reserved 1179648K
  class space    used 12915K, committed 13184K, reserved 1048576K
}
Event: 13.264 GC heap before
{Heap before GC invocations=34 (full 0):
 garbage-first heap   total 89088K, used 64124K [0x0000000084400000, 0x0000000100000000)
  region size 1024K, 17 young (17408K), 2 survivors (2048K)
 Metaspace       used 95681K, committed 96320K, reserved 1179648K
  class space    used 13182K, committed 13504K, reserved 1048576K
}
Event: 13.269 GC heap after
{Heap after GC invocations=35 (full 0):
 garbage-first heap   total 89088K, used 54378K [0x0000000084400000, 0x0000000100000000)
  region size 1024K, 3 young (3072K), 3 survivors (3072K)
 Metaspace       used 95681K, committed 96320K, reserved 1179648K
  class space    used 13182K, committed 13504K, reserved 1048576K
}
Event: 13.545 GC heap before
{Heap before GC invocations=35 (full 0):
 garbage-first heap   total 89088K, used 69738K [0x0000000084400000, 0x0000000100000000)
  region size 1024K, 18 young (18432K), 3 survivors (3072K)
 Metaspace       used 96382K, committed 97024K, reserved 1179648K
  class space    used 13245K, committed 13568K, reserved 1048576K
}
Event: 13.549 GC heap after
{Heap after GC invocations=36 (full 0):
 garbage-first heap   total 89088K, used 60492K [0x0000000084400000, 0x0000000100000000)
  region size 1024K, 3 young (3072K), 3 survivors (3072K)
 Metaspace       used 96382K, committed 97024K, reserved 1179648K
  class space    used 13245K, committed 13568K, reserved 1048576K
}
Event: 13.892 GC heap before
{Heap before GC invocations=37 (full 0):
 garbage-first heap   total 104448K, used 68684K [0x0000000084400000, 0x0000000100000000)
  region size 1024K, 11 young (11264K), 3 survivors (3072K)
 Metaspace       used 97124K, committed 97728K, reserved 1179648K
  class space    used 13348K, committed 13632K, reserved 1048576K
}
Event: 13.895 GC heap after
{Heap after GC invocations=38 (full 0):
 garbage-first heap   total 104448K, used 62112K [0x0000000084400000, 0x0000000100000000)
  region size 1024K, 2 young (2048K), 2 survivors (2048K)
 Metaspace       used 97124K, committed 97728K, reserved 1179648K
  class space    used 13348K, committed 13632K, reserved 1048576K
}
Event: 13.981 GC heap before
{Heap before GC invocations=38 (full 0):
 garbage-first heap   total 104448K, used 64160K [0x0000000084400000, 0x0000000100000000)
  region size 1024K, 5 young (5120K), 2 survivors (2048K)
 Metaspace       used 97568K, committed 98176K, reserved 1179648K
  class space    used 13420K, committed 13696K, reserved 1048576K
}
Event: 13.985 GC heap after
{Heap after GC invocations=39 (full 0):
 garbage-first heap   total 150528K, used 62370K [0x0000000084400000, 0x0000000100000000)
  region size 1024K, 1 young (1024K), 1 survivors (1024K)
 Metaspace       used 97568K, committed 98176K, reserved 1179648K
  class space    used 13420K, committed 13696K, reserved 1048576K
}

